#
# A fatal error has been detected by the Java Runtime Environment:
#
#  EXCEPTION_ACCESS_VIOLATION (0xc0000005) at pc=0x00007ffa0180ea92, pid=42060, tid=8700
#
# JRE version: Java(TM) SE Runtime Environment 18.9 (11.0.15+8) (build 11.0.15+8-LTS-149)
# Java VM: Java HotSpot(TM) 64-Bit Server VM 18.9 (11.0.15+8-LTS-149, mixed mode, tiered, compressed oops, g1 gc, windows-amd64)
# Problematic frame:
# C  [KERNELBASE.dll+0x1ea92]
#
# No core dump will be written. Minidumps are not enabled by default on client versions of Windows
#
# If you would like to submit a bug report, please visit:
#   https://bugreport.java.com/bugreport/crash.jsp
# The crash happened outside the Java Virtual Machine in native code.
# See problematic frame for where to report the bug.
#

---------------  S U M M A R Y ------------

Command Line: -Dfile.encoding=UTF-8 -Djava.library.path=C:\Users\Jens\Downloads\lwjgl-release-3.3.1-custom (1) --module-path=C:\Users\Jens\Documents\NetBeansProjects\01_HelloWindow\build\classes Example.Main

Host: Intel(R) Core(TM) i7-6700 CPU @ 3.40GHz, 8 cores, 15G,  Windows 10 , 64 bit Build 19041 (10.0.19041.1645)
Time: Sat Apr 23 17:52:07 2022 W. Europe Standard Time elapsed time: 0.291871 seconds (0d 0h 0m 0s)

---------------  T H R E A D  ---------------

Current thread (0x000001fa67910800):  JavaThread "main" [_thread_in_native, id=8700, stack(0x0000008e67400000,0x0000008e67500000)]

Stack: [0x0000008e67400000,0x0000008e67500000],  sp=0x0000008e674fede0,  free space=1019k
Native frames: (J=compiled Java code, j=interpreted, Vv=VM code, C=native code)
C  [KERNELBASE.dll+0x1ea92]
C  [glfw.dll+0xb69c]

Java frames: (J=compiled Java code, j=interpreted, Vv=VM code)
j  org.lwjgl.system.JNI.invokePPPP(IIJJJJ)J+0
j  org.lwjgl.glfw.GLFW.nglfwCreateWindow(IIJJJ)J+14
j  org.lwjgl.glfw.GLFW.glfwCreateWindow(IILjava/nio/ByteBuffer;JJ)J+19
j  Example.DisplayManager.Create(Ljava/lang/String;II)LExample/DisplayManager;+63
j  Example.Main.main([Ljava/lang/String;)V+8
v  ~StubRoutines::call_stub

siginfo: EXCEPTION_ACCESS_VIOLATION (0xc0000005), reading address 0x0000000000000010


Register to memory mapping:

RIP=0x00007ffa0180ea92 KERNELBASE.dll
RAX=0x0000000000000010 is an unknown value
RBX=0x0000000000000010 is an unknown value
RCX=0x000000007fffffff is an unknown value
RDX=0x0 is NULL
RSP=0x0000008e674fede0 is pointing into the stack for thread: 0x000001fa67910800
RBP=0x0000008e674fee59 is pointing into the stack for thread: 0x000001fa67910800
RSI=0x0 is NULL
RDI=0x000000000000fde9 is an unknown value
R8 =0x0000000000000010 is an unknown value
R9 =0x0 is NULL
R10=0x0 is NULL
R11=0x0000000000000060 is an unknown value
R12=0x0000000000000347 is an unknown value
R13=0x0 is NULL
R14=0x00000000ffffffff is an unknown value
R15=0x0 is NULL


Registers:
RAX=0x0000000000000010, RBX=0x0000000000000010, RCX=0x000000007fffffff, RDX=0x0000000000000000
RSP=0x0000008e674fede0, RBP=0x0000008e674fee59, RSI=0x0000000000000000, RDI=0x000000000000fde9
R8 =0x0000000000000010, R9 =0x0000000000000000, R10=0x0000000000000000, R11=0x0000000000000060
R12=0x0000000000000347, R13=0x0000000000000000, R14=0x00000000ffffffff, R15=0x0000000000000000
RIP=0x00007ffa0180ea92, EFLAGS=0x0000000000010246

Top of Stack: (sp=0x0000008e674fede0)
0x0000008e674fede0:   0000000000000000 0000000000000000
0x0000008e674fedf0:   0000000000000000 0000000000000000
0x0000008e674fee00:   0000000000000000 0000000000000000
0x0000008e674fee10:   0000000000000000 0000000000000000
0x0000008e674fee20:   0000000000000000 0000000000000000
0x0000008e674fee30:   0000000000000000 0000000000000000
0x0000008e674fee40:   0000000000000000 0000000000000000
0x0000008e674fee50:   000035d6757bd5a8 00007ffa03860c3c
0x0000008e674fee60:   0000000000000001 0000000000000000
0x0000008e674fee70:   0000000000000510 0000000006cf0000
0x0000008e674fee80:   000001fa0ae9c2d0 0000000000040000
0x0000008e674fee90:   0000000000000010 000001fa0afed2c0
0x0000008e674feea0:   0000008e674fef99 00007ff9ed63b69c
0x0000008e674feeb0:   0000000000000000 0000000000000000
0x0000008e674feec0:   0000000006cf0000 000001fa67910800
0x0000008e674feed0:   0000000000000000 0000008e00000000 

Instructions: (pc=0x00007ffa0180ea92)
0x00007ffa0180ea72:   11 b9 ec 03 00 00 e8 93 c0 ff ff 8b c6 e9 72 f8
0x00007ffa0180ea82:   ff ff 41 83 fe ff 7f 3e b9 ff ff ff 7f 48 8b c3
0x00007ffa0180ea92:   40 38 30 74 09 48 ff c0 48 83 e9 01 75 f2 b8 ff
0x00007ffa0180eaa2:   ff ff 7f 4c 8b f6 48 2b c1 48 85 c9 4c 0f 45 f0 


Stack slot to memory mapping:
stack at sp + 0 slots: 0x0 is NULL
stack at sp + 1 slots: 0x0 is NULL
stack at sp + 2 slots: 0x0 is NULL
stack at sp + 3 slots: 0x0 is NULL
stack at sp + 4 slots: 0x0 is NULL
stack at sp + 5 slots: 0x0 is NULL
stack at sp + 6 slots: 0x0 is NULL
stack at sp + 7 slots: 0x0 is NULL


---------------  P R O C E S S  ---------------

Threads class SMR info:
_java_thread_list=0x000001fa0b186540, length=11, elements={
0x000001fa67910800, 0x000001fa0a6a5800, 0x000001fa0a6a7000, 0x000001fa0afa6800,
0x000001fa0afa9800, 0x000001fa0afaa800, 0x000001fa0afb1000, 0x000001fa0afbf800,
0x000001fa0afc0800, 0x000001fa0b138000, 0x000001fa0b1be800
}

Java Threads: ( => current thread )
=>0x000001fa67910800 JavaThread "main" [_thread_in_native, id=8700, stack(0x0000008e67400000,0x0000008e67500000)]
  0x000001fa0a6a5800 JavaThread "Reference Handler" daemon [_thread_blocked, id=39308, stack(0x0000008e67b00000,0x0000008e67c00000)]
  0x000001fa0a6a7000 JavaThread "Finalizer" daemon [_thread_blocked, id=28284, stack(0x0000008e67c00000,0x0000008e67d00000)]
  0x000001fa0afa6800 JavaThread "Signal Dispatcher" daemon [_thread_blocked, id=35692, stack(0x0000008e67d00000,0x0000008e67e00000)]
  0x000001fa0afa9800 JavaThread "Attach Listener" daemon [_thread_blocked, id=35920, stack(0x0000008e67e00000,0x0000008e67f00000)]
  0x000001fa0afaa800 JavaThread "Service Thread" daemon [_thread_blocked, id=17196, stack(0x0000008e67f00000,0x0000008e68000000)]
  0x000001fa0afb1000 JavaThread "C2 CompilerThread0" daemon [_thread_blocked, id=48624, stack(0x0000008e68000000,0x0000008e68100000)]
  0x000001fa0afbf800 JavaThread "C1 CompilerThread0" daemon [_thread_blocked, id=34348, stack(0x0000008e68100000,0x0000008e68200000)]
  0x000001fa0afc0800 JavaThread "Sweeper thread" daemon [_thread_blocked, id=39720, stack(0x0000008e68200000,0x0000008e68300000)]
  0x000001fa0b138000 JavaThread "Common-Cleaner" daemon [_thread_blocked, id=47524, stack(0x0000008e68300000,0x0000008e68400000)]
  0x000001fa0b1be800 JavaThread "C2 CompilerThread1" daemon [_thread_blocked, id=16444, stack(0x0000008e68400000,0x0000008e68500000)]

Other Threads:
  0x000001fa0a6a3800 VMThread "VM Thread" [stack: 0x0000008e67a00000,0x0000008e67b00000] [id=13656]
  0x000001fa0b207000 WatcherThread [stack: 0x0000008e68500000,0x0000008e68600000] [id=24044]
  0x000001fa67926000 GCTaskThread "GC Thread#0" [stack: 0x0000008e67500000,0x0000008e67600000] [id=26080]
  0x000001fa6797d800 ConcurrentGCThread "G1 Main Marker" [stack: 0x0000008e67600000,0x0000008e67700000] [id=19620]
  0x000001fa6797e800 ConcurrentGCThread "G1 Conc#0" [stack: 0x0000008e67700000,0x0000008e67800000] [id=9628]
  0x000001fa0a582000 ConcurrentGCThread "G1 Refine#0" [stack: 0x0000008e67800000,0x0000008e67900000] [id=36224]
  0x000001fa0a583000 ConcurrentGCThread "G1 Young RemSet Sampling" [stack: 0x0000008e67900000,0x0000008e67a00000] [id=42996]

Threads with active compile tasks:

VM state:not at safepoint (normal execution)

VM Mutex/Monitor currently owned by a thread: None

Heap address: 0x0000000701000000, size: 4080 MB, Compressed Oops mode: Zero based, Oop shift amount: 3
Narrow klass base: 0x0000000800000000, Narrow klass shift: 0
Compressed class space size: 1073741824 Address: 0x0000000800000000

Heap:
 garbage-first heap   total 262144K, used 7168K [0x0000000701000000, 0x0000000800000000)
  region size 1024K, 8 young (8192K), 0 survivors (0K)
 Metaspace       used 8828K, capacity 9072K, committed 9344K, reserved 1058816K
  class space    used 775K, capacity 861K, committed 896K, reserved 1048576K
Heap Regions: E=young(eden), S=young(survivor), O=old, HS=humongous(starts), HC=humongous(continues), CS=collection set, F=free, A=archive, TAMS=top-at-mark-start (previous, next)
|   0|0x0000000701000000, 0x0000000701000000, 0x0000000701100000|  0%| F|  |TAMS 0x0000000701000000, 0x0000000701000000| Untracked 
|   1|0x0000000701100000, 0x0000000701100000, 0x0000000701200000|  0%| F|  |TAMS 0x0000000701100000, 0x0000000701100000| Untracked 
|   2|0x0000000701200000, 0x0000000701200000, 0x0000000701300000|  0%| F|  |TAMS 0x0000000701200000, 0x0000000701200000| Untracked 
|   3|0x0000000701300000, 0x0000000701300000, 0x0000000701400000|  0%| F|  |TAMS 0x0000000701300000, 0x0000000701300000| Untracked 
|   4|0x0000000701400000, 0x0000000701400000, 0x0000000701500000|  0%| F|  |TAMS 0x0000000701400000, 0x0000000701400000| Untracked 
|   5|0x0000000701500000, 0x0000000701500000, 0x0000000701600000|  0%| F|  |TAMS 0x0000000701500000, 0x0000000701500000| Untracked 
|   6|0x0000000701600000, 0x0000000701600000, 0x0000000701700000|  0%| F|  |TAMS 0x0000000701600000, 0x0000000701600000| Untracked 
|   7|0x0000000701700000, 0x0000000701700000, 0x0000000701800000|  0%| F|  |TAMS 0x0000000701700000, 0x0000000701700000| Untracked 
|   8|0x0000000701800000, 0x0000000701800000, 0x0000000701900000|  0%| F|  |TAMS 0x0000000701800000, 0x0000000701800000| Untracked 
|   9|0x0000000701900000, 0x0000000701900000, 0x0000000701a00000|  0%| F|  |TAMS 0x0000000701900000, 0x0000000701900000| Untracked 
|  10|0x0000000701a00000, 0x0000000701a00000, 0x0000000701b00000|  0%| F|  |TAMS 0x0000000701a00000, 0x0000000701a00000| Untracked 
|  11|0x0000000701b00000, 0x0000000701b00000, 0x0000000701c00000|  0%| F|  |TAMS 0x0000000701b00000, 0x0000000701b00000| Untracked 
|  12|0x0000000701c00000, 0x0000000701c00000, 0x0000000701d00000|  0%| F|  |TAMS 0x0000000701c00000, 0x0000000701c00000| Untracked 
|  13|0x0000000701d00000, 0x0000000701d00000, 0x0000000701e00000|  0%| F|  |TAMS 0x0000000701d00000, 0x0000000701d00000| Untracked 
|  14|0x0000000701e00000, 0x0000000701e00000, 0x0000000701f00000|  0%| F|  |TAMS 0x0000000701e00000, 0x0000000701e00000| Untracked 
|  15|0x0000000701f00000, 0x0000000701f00000, 0x0000000702000000|  0%| F|  |TAMS 0x0000000701f00000, 0x0000000701f00000| Untracked 
|  16|0x0000000702000000, 0x0000000702000000, 0x0000000702100000|  0%| F|  |TAMS 0x0000000702000000, 0x0000000702000000| Untracked 
|  17|0x0000000702100000, 0x0000000702100000, 0x0000000702200000|  0%| F|  |TAMS 0x0000000702100000, 0x0000000702100000| Untracked 
|  18|0x0000000702200000, 0x0000000702200000, 0x0000000702300000|  0%| F|  |TAMS 0x0000000702200000, 0x0000000702200000| Untracked 
|  19|0x0000000702300000, 0x0000000702300000, 0x0000000702400000|  0%| F|  |TAMS 0x0000000702300000, 0x0000000702300000| Untracked 
|  20|0x0000000702400000, 0x0000000702400000, 0x0000000702500000|  0%| F|  |TAMS 0x0000000702400000, 0x0000000702400000| Untracked 
|  21|0x0000000702500000, 0x0000000702500000, 0x0000000702600000|  0%| F|  |TAMS 0x0000000702500000, 0x0000000702500000| Untracked 
|  22|0x0000000702600000, 0x0000000702600000, 0x0000000702700000|  0%| F|  |TAMS 0x0000000702600000, 0x0000000702600000| Untracked 
|  23|0x0000000702700000, 0x0000000702700000, 0x0000000702800000|  0%| F|  |TAMS 0x0000000702700000, 0x0000000702700000| Untracked 
|  24|0x0000000702800000, 0x0000000702800000, 0x0000000702900000|  0%| F|  |TAMS 0x0000000702800000, 0x0000000702800000| Untracked 
|  25|0x0000000702900000, 0x0000000702900000, 0x0000000702a00000|  0%| F|  |TAMS 0x0000000702900000, 0x0000000702900000| Untracked 
|  26|0x0000000702a00000, 0x0000000702a00000, 0x0000000702b00000|  0%| F|  |TAMS 0x0000000702a00000, 0x0000000702a00000| Untracked 
|  27|0x0000000702b00000, 0x0000000702b00000, 0x0000000702c00000|  0%| F|  |TAMS 0x0000000702b00000, 0x0000000702b00000| Untracked 
|  28|0x0000000702c00000, 0x0000000702c00000, 0x0000000702d00000|  0%| F|  |TAMS 0x0000000702c00000, 0x0000000702c00000| Untracked 
|  29|0x0000000702d00000, 0x0000000702d00000, 0x0000000702e00000|  0%| F|  |TAMS 0x0000000702d00000, 0x0000000702d00000| Untracked 
|  30|0x0000000702e00000, 0x0000000702e00000, 0x0000000702f00000|  0%| F|  |TAMS 0x0000000702e00000, 0x0000000702e00000| Untracked 
|  31|0x0000000702f00000, 0x0000000702f00000, 0x0000000703000000|  0%| F|  |TAMS 0x0000000702f00000, 0x0000000702f00000| Untracked 
|  32|0x0000000703000000, 0x0000000703000000, 0x0000000703100000|  0%| F|  |TAMS 0x0000000703000000, 0x0000000703000000| Untracked 
|  33|0x0000000703100000, 0x0000000703100000, 0x0000000703200000|  0%| F|  |TAMS 0x0000000703100000, 0x0000000703100000| Untracked 
|  34|0x0000000703200000, 0x0000000703200000, 0x0000000703300000|  0%| F|  |TAMS 0x0000000703200000, 0x0000000703200000| Untracked 
|  35|0x0000000703300000, 0x0000000703300000, 0x0000000703400000|  0%| F|  |TAMS 0x0000000703300000, 0x0000000703300000| Untracked 
|  36|0x0000000703400000, 0x0000000703400000, 0x0000000703500000|  0%| F|  |TAMS 0x0000000703400000, 0x0000000703400000| Untracked 
|  37|0x0000000703500000, 0x0000000703500000, 0x0000000703600000|  0%| F|  |TAMS 0x0000000703500000, 0x0000000703500000| Untracked 
|  38|0x0000000703600000, 0x0000000703600000, 0x0000000703700000|  0%| F|  |TAMS 0x0000000703600000, 0x0000000703600000| Untracked 
|  39|0x0000000703700000, 0x0000000703700000, 0x0000000703800000|  0%| F|  |TAMS 0x0000000703700000, 0x0000000703700000| Untracked 
|  40|0x0000000703800000, 0x0000000703800000, 0x0000000703900000|  0%| F|  |TAMS 0x0000000703800000, 0x0000000703800000| Untracked 
|  41|0x0000000703900000, 0x0000000703900000, 0x0000000703a00000|  0%| F|  |TAMS 0x0000000703900000, 0x0000000703900000| Untracked 
|  42|0x0000000703a00000, 0x0000000703a00000, 0x0000000703b00000|  0%| F|  |TAMS 0x0000000703a00000, 0x0000000703a00000| Untracked 
|  43|0x0000000703b00000, 0x0000000703b00000, 0x0000000703c00000|  0%| F|  |TAMS 0x0000000703b00000, 0x0000000703b00000| Untracked 
|  44|0x0000000703c00000, 0x0000000703c00000, 0x0000000703d00000|  0%| F|  |TAMS 0x0000000703c00000, 0x0000000703c00000| Untracked 
|  45|0x0000000703d00000, 0x0000000703d00000, 0x0000000703e00000|  0%| F|  |TAMS 0x0000000703d00000, 0x0000000703d00000| Untracked 
|  46|0x0000000703e00000, 0x0000000703e00000, 0x0000000703f00000|  0%| F|  |TAMS 0x0000000703e00000, 0x0000000703e00000| Untracked 
|  47|0x0000000703f00000, 0x0000000703f00000, 0x0000000704000000|  0%| F|  |TAMS 0x0000000703f00000, 0x0000000703f00000| Untracked 
|  48|0x0000000704000000, 0x0000000704000000, 0x0000000704100000|  0%| F|  |TAMS 0x0000000704000000, 0x0000000704000000| Untracked 
|  49|0x0000000704100000, 0x0000000704100000, 0x0000000704200000|  0%| F|  |TAMS 0x0000000704100000, 0x0000000704100000| Untracked 
|  50|0x0000000704200000, 0x0000000704200000, 0x0000000704300000|  0%| F|  |TAMS 0x0000000704200000, 0x0000000704200000| Untracked 
|  51|0x0000000704300000, 0x0000000704300000, 0x0000000704400000|  0%| F|  |TAMS 0x0000000704300000, 0x0000000704300000| Untracked 
|  52|0x0000000704400000, 0x0000000704400000, 0x0000000704500000|  0%| F|  |TAMS 0x0000000704400000, 0x0000000704400000| Untracked 
|  53|0x0000000704500000, 0x0000000704500000, 0x0000000704600000|  0%| F|  |TAMS 0x0000000704500000, 0x0000000704500000| Untracked 
|  54|0x0000000704600000, 0x0000000704600000, 0x0000000704700000|  0%| F|  |TAMS 0x0000000704600000, 0x0000000704600000| Untracked 
|  55|0x0000000704700000, 0x0000000704700000, 0x0000000704800000|  0%| F|  |TAMS 0x0000000704700000, 0x0000000704700000| Untracked 
|  56|0x0000000704800000, 0x0000000704800000, 0x0000000704900000|  0%| F|  |TAMS 0x0000000704800000, 0x0000000704800000| Untracked 
|  57|0x0000000704900000, 0x0000000704900000, 0x0000000704a00000|  0%| F|  |TAMS 0x0000000704900000, 0x0000000704900000| Untracked 
|  58|0x0000000704a00000, 0x0000000704a00000, 0x0000000704b00000|  0%| F|  |TAMS 0x0000000704a00000, 0x0000000704a00000| Untracked 
|  59|0x0000000704b00000, 0x0000000704b00000, 0x0000000704c00000|  0%| F|  |TAMS 0x0000000704b00000, 0x0000000704b00000| Untracked 
|  60|0x0000000704c00000, 0x0000000704c00000, 0x0000000704d00000|  0%| F|  |TAMS 0x0000000704c00000, 0x0000000704c00000| Untracked 
|  61|0x0000000704d00000, 0x0000000704d00000, 0x0000000704e00000|  0%| F|  |TAMS 0x0000000704d00000, 0x0000000704d00000| Untracked 
|  62|0x0000000704e00000, 0x0000000704e00000, 0x0000000704f00000|  0%| F|  |TAMS 0x0000000704e00000, 0x0000000704e00000| Untracked 
|  63|0x0000000704f00000, 0x0000000704f00000, 0x0000000705000000|  0%| F|  |TAMS 0x0000000704f00000, 0x0000000704f00000| Untracked 
|  64|0x0000000705000000, 0x0000000705000000, 0x0000000705100000|  0%| F|  |TAMS 0x0000000705000000, 0x0000000705000000| Untracked 
|  65|0x0000000705100000, 0x0000000705100000, 0x0000000705200000|  0%| F|  |TAMS 0x0000000705100000, 0x0000000705100000| Untracked 
|  66|0x0000000705200000, 0x0000000705200000, 0x0000000705300000|  0%| F|  |TAMS 0x0000000705200000, 0x0000000705200000| Untracked 
|  67|0x0000000705300000, 0x0000000705300000, 0x0000000705400000|  0%| F|  |TAMS 0x0000000705300000, 0x0000000705300000| Untracked 
|  68|0x0000000705400000, 0x0000000705400000, 0x0000000705500000|  0%| F|  |TAMS 0x0000000705400000, 0x0000000705400000| Untracked 
|  69|0x0000000705500000, 0x0000000705500000, 0x0000000705600000|  0%| F|  |TAMS 0x0000000705500000, 0x0000000705500000| Untracked 
|  70|0x0000000705600000, 0x0000000705600000, 0x0000000705700000|  0%| F|  |TAMS 0x0000000705600000, 0x0000000705600000| Untracked 
|  71|0x0000000705700000, 0x0000000705700000, 0x0000000705800000|  0%| F|  |TAMS 0x0000000705700000, 0x0000000705700000| Untracked 
|  72|0x0000000705800000, 0x0000000705800000, 0x0000000705900000|  0%| F|  |TAMS 0x0000000705800000, 0x0000000705800000| Untracked 
|  73|0x0000000705900000, 0x0000000705900000, 0x0000000705a00000|  0%| F|  |TAMS 0x0000000705900000, 0x0000000705900000| Untracked 
|  74|0x0000000705a00000, 0x0000000705a00000, 0x0000000705b00000|  0%| F|  |TAMS 0x0000000705a00000, 0x0000000705a00000| Untracked 
|  75|0x0000000705b00000, 0x0000000705b00000, 0x0000000705c00000|  0%| F|  |TAMS 0x0000000705b00000, 0x0000000705b00000| Untracked 
|  76|0x0000000705c00000, 0x0000000705c00000, 0x0000000705d00000|  0%| F|  |TAMS 0x0000000705c00000, 0x0000000705c00000| Untracked 
|  77|0x0000000705d00000, 0x0000000705d00000, 0x0000000705e00000|  0%| F|  |TAMS 0x0000000705d00000, 0x0000000705d00000| Untracked 
|  78|0x0000000705e00000, 0x0000000705e00000, 0x0000000705f00000|  0%| F|  |TAMS 0x0000000705e00000, 0x0000000705e00000| Untracked 
|  79|0x0000000705f00000, 0x0000000705f00000, 0x0000000706000000|  0%| F|  |TAMS 0x0000000705f00000, 0x0000000705f00000| Untracked 
|  80|0x0000000706000000, 0x0000000706000000, 0x0000000706100000|  0%| F|  |TAMS 0x0000000706000000, 0x0000000706000000| Untracked 
|  81|0x0000000706100000, 0x0000000706100000, 0x0000000706200000|  0%| F|  |TAMS 0x0000000706100000, 0x0000000706100000| Untracked 
|  82|0x0000000706200000, 0x0000000706200000, 0x0000000706300000|  0%| F|  |TAMS 0x0000000706200000, 0x0000000706200000| Untracked 
|  83|0x0000000706300000, 0x0000000706300000, 0x0000000706400000|  0%| F|  |TAMS 0x0000000706300000, 0x0000000706300000| Untracked 
|  84|0x0000000706400000, 0x0000000706400000, 0x0000000706500000|  0%| F|  |TAMS 0x0000000706400000, 0x0000000706400000| Untracked 
|  85|0x0000000706500000, 0x0000000706500000, 0x0000000706600000|  0%| F|  |TAMS 0x0000000706500000, 0x0000000706500000| Untracked 
|  86|0x0000000706600000, 0x0000000706600000, 0x0000000706700000|  0%| F|  |TAMS 0x0000000706600000, 0x0000000706600000| Untracked 
|  87|0x0000000706700000, 0x0000000706700000, 0x0000000706800000|  0%| F|  |TAMS 0x0000000706700000, 0x0000000706700000| Untracked 
|  88|0x0000000706800000, 0x0000000706800000, 0x0000000706900000|  0%| F|  |TAMS 0x0000000706800000, 0x0000000706800000| Untracked 
|  89|0x0000000706900000, 0x0000000706900000, 0x0000000706a00000|  0%| F|  |TAMS 0x0000000706900000, 0x0000000706900000| Untracked 
|  90|0x0000000706a00000, 0x0000000706a00000, 0x0000000706b00000|  0%| F|  |TAMS 0x0000000706a00000, 0x0000000706a00000| Untracked 
|  91|0x0000000706b00000, 0x0000000706b00000, 0x0000000706c00000|  0%| F|  |TAMS 0x0000000706b00000, 0x0000000706b00000| Untracked 
|  92|0x0000000706c00000, 0x0000000706c00000, 0x0000000706d00000|  0%| F|  |TAMS 0x0000000706c00000, 0x0000000706c00000| Untracked 
|  93|0x0000000706d00000, 0x0000000706d00000, 0x0000000706e00000|  0%| F|  |TAMS 0x0000000706d00000, 0x0000000706d00000| Untracked 
|  94|0x0000000706e00000, 0x0000000706e00000, 0x0000000706f00000|  0%| F|  |TAMS 0x0000000706e00000, 0x0000000706e00000| Untracked 
|  95|0x0000000706f00000, 0x0000000706f00000, 0x0000000707000000|  0%| F|  |TAMS 0x0000000706f00000, 0x0000000706f00000| Untracked 
|  96|0x0000000707000000, 0x0000000707000000, 0x0000000707100000|  0%| F|  |TAMS 0x0000000707000000, 0x0000000707000000| Untracked 
|  97|0x0000000707100000, 0x0000000707100000, 0x0000000707200000|  0%| F|  |TAMS 0x0000000707100000, 0x0000000707100000| Untracked 
|  98|0x0000000707200000, 0x0000000707200000, 0x0000000707300000|  0%| F|  |TAMS 0x0000000707200000, 0x0000000707200000| Untracked 
|  99|0x0000000707300000, 0x0000000707300000, 0x0000000707400000|  0%| F|  |TAMS 0x0000000707300000, 0x0000000707300000| Untracked 
| 100|0x0000000707400000, 0x0000000707400000, 0x0000000707500000|  0%| F|  |TAMS 0x0000000707400000, 0x0000000707400000| Untracked 
| 101|0x0000000707500000, 0x0000000707500000, 0x0000000707600000|  0%| F|  |TAMS 0x0000000707500000, 0x0000000707500000| Untracked 
| 102|0x0000000707600000, 0x0000000707600000, 0x0000000707700000|  0%| F|  |TAMS 0x0000000707600000, 0x0000000707600000| Untracked 
| 103|0x0000000707700000, 0x0000000707700000, 0x0000000707800000|  0%| F|  |TAMS 0x0000000707700000, 0x0000000707700000| Untracked 
| 104|0x0000000707800000, 0x0000000707800000, 0x0000000707900000|  0%| F|  |TAMS 0x0000000707800000, 0x0000000707800000| Untracked 
| 105|0x0000000707900000, 0x0000000707900000, 0x0000000707a00000|  0%| F|  |TAMS 0x0000000707900000, 0x0000000707900000| Untracked 
| 106|0x0000000707a00000, 0x0000000707a00000, 0x0000000707b00000|  0%| F|  |TAMS 0x0000000707a00000, 0x0000000707a00000| Untracked 
| 107|0x0000000707b00000, 0x0000000707b00000, 0x0000000707c00000|  0%| F|  |TAMS 0x0000000707b00000, 0x0000000707b00000| Untracked 
| 108|0x0000000707c00000, 0x0000000707c00000, 0x0000000707d00000|  0%| F|  |TAMS 0x0000000707c00000, 0x0000000707c00000| Untracked 
| 109|0x0000000707d00000, 0x0000000707d00000, 0x0000000707e00000|  0%| F|  |TAMS 0x0000000707d00000, 0x0000000707d00000| Untracked 
| 110|0x0000000707e00000, 0x0000000707e00000, 0x0000000707f00000|  0%| F|  |TAMS 0x0000000707e00000, 0x0000000707e00000| Untracked 
| 111|0x0000000707f00000, 0x0000000707f00000, 0x0000000708000000|  0%| F|  |TAMS 0x0000000707f00000, 0x0000000707f00000| Untracked 
| 112|0x0000000708000000, 0x0000000708000000, 0x0000000708100000|  0%| F|  |TAMS 0x0000000708000000, 0x0000000708000000| Untracked 
| 113|0x0000000708100000, 0x0000000708100000, 0x0000000708200000|  0%| F|  |TAMS 0x0000000708100000, 0x0000000708100000| Untracked 
| 114|0x0000000708200000, 0x0000000708200000, 0x0000000708300000|  0%| F|  |TAMS 0x0000000708200000, 0x0000000708200000| Untracked 
| 115|0x0000000708300000, 0x0000000708300000, 0x0000000708400000|  0%| F|  |TAMS 0x0000000708300000, 0x0000000708300000| Untracked 
| 116|0x0000000708400000, 0x0000000708400000, 0x0000000708500000|  0%| F|  |TAMS 0x0000000708400000, 0x0000000708400000| Untracked 
| 117|0x0000000708500000, 0x0000000708500000, 0x0000000708600000|  0%| F|  |TAMS 0x0000000708500000, 0x0000000708500000| Untracked 
| 118|0x0000000708600000, 0x0000000708600000, 0x0000000708700000|  0%| F|  |TAMS 0x0000000708600000, 0x0000000708600000| Untracked 
| 119|0x0000000708700000, 0x0000000708700000, 0x0000000708800000|  0%| F|  |TAMS 0x0000000708700000, 0x0000000708700000| Untracked 
| 120|0x0000000708800000, 0x0000000708800000, 0x0000000708900000|  0%| F|  |TAMS 0x0000000708800000, 0x0000000708800000| Untracked 
| 121|0x0000000708900000, 0x0000000708900000, 0x0000000708a00000|  0%| F|  |TAMS 0x0000000708900000, 0x0000000708900000| Untracked 
| 122|0x0000000708a00000, 0x0000000708a00000, 0x0000000708b00000|  0%| F|  |TAMS 0x0000000708a00000, 0x0000000708a00000| Untracked 
| 123|0x0000000708b00000, 0x0000000708b00000, 0x0000000708c00000|  0%| F|  |TAMS 0x0000000708b00000, 0x0000000708b00000| Untracked 
| 124|0x0000000708c00000, 0x0000000708c00000, 0x0000000708d00000|  0%| F|  |TAMS 0x0000000708c00000, 0x0000000708c00000| Untracked 
| 125|0x0000000708d00000, 0x0000000708d00000, 0x0000000708e00000|  0%| F|  |TAMS 0x0000000708d00000, 0x0000000708d00000| Untracked 
| 126|0x0000000708e00000, 0x0000000708e00000, 0x0000000708f00000|  0%| F|  |TAMS 0x0000000708e00000, 0x0000000708e00000| Untracked 
| 127|0x0000000708f00000, 0x0000000708f00000, 0x0000000709000000|  0%| F|  |TAMS 0x0000000708f00000, 0x0000000708f00000| Untracked 
| 128|0x0000000709000000, 0x0000000709000000, 0x0000000709100000|  0%| F|  |TAMS 0x0000000709000000, 0x0000000709000000| Untracked 
| 129|0x0000000709100000, 0x0000000709100000, 0x0000000709200000|  0%| F|  |TAMS 0x0000000709100000, 0x0000000709100000| Untracked 
| 130|0x0000000709200000, 0x0000000709200000, 0x0000000709300000|  0%| F|  |TAMS 0x0000000709200000, 0x0000000709200000| Untracked 
| 131|0x0000000709300000, 0x0000000709300000, 0x0000000709400000|  0%| F|  |TAMS 0x0000000709300000, 0x0000000709300000| Untracked 
| 132|0x0000000709400000, 0x0000000709400000, 0x0000000709500000|  0%| F|  |TAMS 0x0000000709400000, 0x0000000709400000| Untracked 
| 133|0x0000000709500000, 0x0000000709500000, 0x0000000709600000|  0%| F|  |TAMS 0x0000000709500000, 0x0000000709500000| Untracked 
| 134|0x0000000709600000, 0x0000000709600000, 0x0000000709700000|  0%| F|  |TAMS 0x0000000709600000, 0x0000000709600000| Untracked 
| 135|0x0000000709700000, 0x0000000709700000, 0x0000000709800000|  0%| F|  |TAMS 0x0000000709700000, 0x0000000709700000| Untracked 
| 136|0x0000000709800000, 0x0000000709800000, 0x0000000709900000|  0%| F|  |TAMS 0x0000000709800000, 0x0000000709800000| Untracked 
| 137|0x0000000709900000, 0x0000000709900000, 0x0000000709a00000|  0%| F|  |TAMS 0x0000000709900000, 0x0000000709900000| Untracked 
| 138|0x0000000709a00000, 0x0000000709a00000, 0x0000000709b00000|  0%| F|  |TAMS 0x0000000709a00000, 0x0000000709a00000| Untracked 
| 139|0x0000000709b00000, 0x0000000709b00000, 0x0000000709c00000|  0%| F|  |TAMS 0x0000000709b00000, 0x0000000709b00000| Untracked 
| 140|0x0000000709c00000, 0x0000000709c00000, 0x0000000709d00000|  0%| F|  |TAMS 0x0000000709c00000, 0x0000000709c00000| Untracked 
| 141|0x0000000709d00000, 0x0000000709d00000, 0x0000000709e00000|  0%| F|  |TAMS 0x0000000709d00000, 0x0000000709d00000| Untracked 
| 142|0x0000000709e00000, 0x0000000709e00000, 0x0000000709f00000|  0%| F|  |TAMS 0x0000000709e00000, 0x0000000709e00000| Untracked 
| 143|0x0000000709f00000, 0x0000000709f00000, 0x000000070a000000|  0%| F|  |TAMS 0x0000000709f00000, 0x0000000709f00000| Untracked 
| 144|0x000000070a000000, 0x000000070a000000, 0x000000070a100000|  0%| F|  |TAMS 0x000000070a000000, 0x000000070a000000| Untracked 
| 145|0x000000070a100000, 0x000000070a100000, 0x000000070a200000|  0%| F|  |TAMS 0x000000070a100000, 0x000000070a100000| Untracked 
| 146|0x000000070a200000, 0x000000070a200000, 0x000000070a300000|  0%| F|  |TAMS 0x000000070a200000, 0x000000070a200000| Untracked 
| 147|0x000000070a300000, 0x000000070a300000, 0x000000070a400000|  0%| F|  |TAMS 0x000000070a300000, 0x000000070a300000| Untracked 
| 148|0x000000070a400000, 0x000000070a400000, 0x000000070a500000|  0%| F|  |TAMS 0x000000070a400000, 0x000000070a400000| Untracked 
| 149|0x000000070a500000, 0x000000070a500000, 0x000000070a600000|  0%| F|  |TAMS 0x000000070a500000, 0x000000070a500000| Untracked 
| 150|0x000000070a600000, 0x000000070a600000, 0x000000070a700000|  0%| F|  |TAMS 0x000000070a600000, 0x000000070a600000| Untracked 
| 151|0x000000070a700000, 0x000000070a700000, 0x000000070a800000|  0%| F|  |TAMS 0x000000070a700000, 0x000000070a700000| Untracked 
| 152|0x000000070a800000, 0x000000070a800000, 0x000000070a900000|  0%| F|  |TAMS 0x000000070a800000, 0x000000070a800000| Untracked 
| 153|0x000000070a900000, 0x000000070a900000, 0x000000070aa00000|  0%| F|  |TAMS 0x000000070a900000, 0x000000070a900000| Untracked 
| 154|0x000000070aa00000, 0x000000070aa00000, 0x000000070ab00000|  0%| F|  |TAMS 0x000000070aa00000, 0x000000070aa00000| Untracked 
| 155|0x000000070ab00000, 0x000000070ab00000, 0x000000070ac00000|  0%| F|  |TAMS 0x000000070ab00000, 0x000000070ab00000| Untracked 
| 156|0x000000070ac00000, 0x000000070ac00000, 0x000000070ad00000|  0%| F|  |TAMS 0x000000070ac00000, 0x000000070ac00000| Untracked 
| 157|0x000000070ad00000, 0x000000070ad00000, 0x000000070ae00000|  0%| F|  |TAMS 0x000000070ad00000, 0x000000070ad00000| Untracked 
| 158|0x000000070ae00000, 0x000000070ae00000, 0x000000070af00000|  0%| F|  |TAMS 0x000000070ae00000, 0x000000070ae00000| Untracked 
| 159|0x000000070af00000, 0x000000070af00000, 0x000000070b000000|  0%| F|  |TAMS 0x000000070af00000, 0x000000070af00000| Untracked 
| 160|0x000000070b000000, 0x000000070b000000, 0x000000070b100000|  0%| F|  |TAMS 0x000000070b000000, 0x000000070b000000| Untracked 
| 161|0x000000070b100000, 0x000000070b100000, 0x000000070b200000|  0%| F|  |TAMS 0x000000070b100000, 0x000000070b100000| Untracked 
| 162|0x000000070b200000, 0x000000070b200000, 0x000000070b300000|  0%| F|  |TAMS 0x000000070b200000, 0x000000070b200000| Untracked 
| 163|0x000000070b300000, 0x000000070b300000, 0x000000070b400000|  0%| F|  |TAMS 0x000000070b300000, 0x000000070b300000| Untracked 
| 164|0x000000070b400000, 0x000000070b400000, 0x000000070b500000|  0%| F|  |TAMS 0x000000070b400000, 0x000000070b400000| Untracked 
| 165|0x000000070b500000, 0x000000070b500000, 0x000000070b600000|  0%| F|  |TAMS 0x000000070b500000, 0x000000070b500000| Untracked 
| 166|0x000000070b600000, 0x000000070b600000, 0x000000070b700000|  0%| F|  |TAMS 0x000000070b600000, 0x000000070b600000| Untracked 
| 167|0x000000070b700000, 0x000000070b700000, 0x000000070b800000|  0%| F|  |TAMS 0x000000070b700000, 0x000000070b700000| Untracked 
| 168|0x000000070b800000, 0x000000070b800000, 0x000000070b900000|  0%| F|  |TAMS 0x000000070b800000, 0x000000070b800000| Untracked 
| 169|0x000000070b900000, 0x000000070b900000, 0x000000070ba00000|  0%| F|  |TAMS 0x000000070b900000, 0x000000070b900000| Untracked 
| 170|0x000000070ba00000, 0x000000070ba00000, 0x000000070bb00000|  0%| F|  |TAMS 0x000000070ba00000, 0x000000070ba00000| Untracked 
| 171|0x000000070bb00000, 0x000000070bb00000, 0x000000070bc00000|  0%| F|  |TAMS 0x000000070bb00000, 0x000000070bb00000| Untracked 
| 172|0x000000070bc00000, 0x000000070bc00000, 0x000000070bd00000|  0%| F|  |TAMS 0x000000070bc00000, 0x000000070bc00000| Untracked 
| 173|0x000000070bd00000, 0x000000070bd00000, 0x000000070be00000|  0%| F|  |TAMS 0x000000070bd00000, 0x000000070bd00000| Untracked 
| 174|0x000000070be00000, 0x000000070be00000, 0x000000070bf00000|  0%| F|  |TAMS 0x000000070be00000, 0x000000070be00000| Untracked 
| 175|0x000000070bf00000, 0x000000070bf00000, 0x000000070c000000|  0%| F|  |TAMS 0x000000070bf00000, 0x000000070bf00000| Untracked 
| 176|0x000000070c000000, 0x000000070c000000, 0x000000070c100000|  0%| F|  |TAMS 0x000000070c000000, 0x000000070c000000| Untracked 
| 177|0x000000070c100000, 0x000000070c100000, 0x000000070c200000|  0%| F|  |TAMS 0x000000070c100000, 0x000000070c100000| Untracked 
| 178|0x000000070c200000, 0x000000070c200000, 0x000000070c300000|  0%| F|  |TAMS 0x000000070c200000, 0x000000070c200000| Untracked 
| 179|0x000000070c300000, 0x000000070c300000, 0x000000070c400000|  0%| F|  |TAMS 0x000000070c300000, 0x000000070c300000| Untracked 
| 180|0x000000070c400000, 0x000000070c400000, 0x000000070c500000|  0%| F|  |TAMS 0x000000070c400000, 0x000000070c400000| Untracked 
| 181|0x000000070c500000, 0x000000070c500000, 0x000000070c600000|  0%| F|  |TAMS 0x000000070c500000, 0x000000070c500000| Untracked 
| 182|0x000000070c600000, 0x000000070c600000, 0x000000070c700000|  0%| F|  |TAMS 0x000000070c600000, 0x000000070c600000| Untracked 
| 183|0x000000070c700000, 0x000000070c700000, 0x000000070c800000|  0%| F|  |TAMS 0x000000070c700000, 0x000000070c700000| Untracked 
| 184|0x000000070c800000, 0x000000070c800000, 0x000000070c900000|  0%| F|  |TAMS 0x000000070c800000, 0x000000070c800000| Untracked 
| 185|0x000000070c900000, 0x000000070c900000, 0x000000070ca00000|  0%| F|  |TAMS 0x000000070c900000, 0x000000070c900000| Untracked 
| 186|0x000000070ca00000, 0x000000070ca00000, 0x000000070cb00000|  0%| F|  |TAMS 0x000000070ca00000, 0x000000070ca00000| Untracked 
| 187|0x000000070cb00000, 0x000000070cb00000, 0x000000070cc00000|  0%| F|  |TAMS 0x000000070cb00000, 0x000000070cb00000| Untracked 
| 188|0x000000070cc00000, 0x000000070cc00000, 0x000000070cd00000|  0%| F|  |TAMS 0x000000070cc00000, 0x000000070cc00000| Untracked 
| 189|0x000000070cd00000, 0x000000070cd00000, 0x000000070ce00000|  0%| F|  |TAMS 0x000000070cd00000, 0x000000070cd00000| Untracked 
| 190|0x000000070ce00000, 0x000000070ce00000, 0x000000070cf00000|  0%| F|  |TAMS 0x000000070ce00000, 0x000000070ce00000| Untracked 
| 191|0x000000070cf00000, 0x000000070cf00000, 0x000000070d000000|  0%| F|  |TAMS 0x000000070cf00000, 0x000000070cf00000| Untracked 
| 192|0x000000070d000000, 0x000000070d000000, 0x000000070d100000|  0%| F|  |TAMS 0x000000070d000000, 0x000000070d000000| Untracked 
| 193|0x000000070d100000, 0x000000070d100000, 0x000000070d200000|  0%| F|  |TAMS 0x000000070d100000, 0x000000070d100000| Untracked 
| 194|0x000000070d200000, 0x000000070d200000, 0x000000070d300000|  0%| F|  |TAMS 0x000000070d200000, 0x000000070d200000| Untracked 
| 195|0x000000070d300000, 0x000000070d300000, 0x000000070d400000|  0%| F|  |TAMS 0x000000070d300000, 0x000000070d300000| Untracked 
| 196|0x000000070d400000, 0x000000070d400000, 0x000000070d500000|  0%| F|  |TAMS 0x000000070d400000, 0x000000070d400000| Untracked 
| 197|0x000000070d500000, 0x000000070d500000, 0x000000070d600000|  0%| F|  |TAMS 0x000000070d500000, 0x000000070d500000| Untracked 
| 198|0x000000070d600000, 0x000000070d600000, 0x000000070d700000|  0%| F|  |TAMS 0x000000070d600000, 0x000000070d600000| Untracked 
| 199|0x000000070d700000, 0x000000070d700000, 0x000000070d800000|  0%| F|  |TAMS 0x000000070d700000, 0x000000070d700000| Untracked 
| 200|0x000000070d800000, 0x000000070d800000, 0x000000070d900000|  0%| F|  |TAMS 0x000000070d800000, 0x000000070d800000| Untracked 
| 201|0x000000070d900000, 0x000000070d900000, 0x000000070da00000|  0%| F|  |TAMS 0x000000070d900000, 0x000000070d900000| Untracked 
| 202|0x000000070da00000, 0x000000070da00000, 0x000000070db00000|  0%| F|  |TAMS 0x000000070da00000, 0x000000070da00000| Untracked 
| 203|0x000000070db00000, 0x000000070db00000, 0x000000070dc00000|  0%| F|  |TAMS 0x000000070db00000, 0x000000070db00000| Untracked 
| 204|0x000000070dc00000, 0x000000070dc00000, 0x000000070dd00000|  0%| F|  |TAMS 0x000000070dc00000, 0x000000070dc00000| Untracked 
| 205|0x000000070dd00000, 0x000000070dd00000, 0x000000070de00000|  0%| F|  |TAMS 0x000000070dd00000, 0x000000070dd00000| Untracked 
| 206|0x000000070de00000, 0x000000070de00000, 0x000000070df00000|  0%| F|  |TAMS 0x000000070de00000, 0x000000070de00000| Untracked 
| 207|0x000000070df00000, 0x000000070df00000, 0x000000070e000000|  0%| F|  |TAMS 0x000000070df00000, 0x000000070df00000| Untracked 
| 208|0x000000070e000000, 0x000000070e000000, 0x000000070e100000|  0%| F|  |TAMS 0x000000070e000000, 0x000000070e000000| Untracked 
| 209|0x000000070e100000, 0x000000070e100000, 0x000000070e200000|  0%| F|  |TAMS 0x000000070e100000, 0x000000070e100000| Untracked 
| 210|0x000000070e200000, 0x000000070e200000, 0x000000070e300000|  0%| F|  |TAMS 0x000000070e200000, 0x000000070e200000| Untracked 
| 211|0x000000070e300000, 0x000000070e300000, 0x000000070e400000|  0%| F|  |TAMS 0x000000070e300000, 0x000000070e300000| Untracked 
| 212|0x000000070e400000, 0x000000070e400000, 0x000000070e500000|  0%| F|  |TAMS 0x000000070e400000, 0x000000070e400000| Untracked 
| 213|0x000000070e500000, 0x000000070e500000, 0x000000070e600000|  0%| F|  |TAMS 0x000000070e500000, 0x000000070e500000| Untracked 
| 214|0x000000070e600000, 0x000000070e600000, 0x000000070e700000|  0%| F|  |TAMS 0x000000070e600000, 0x000000070e600000| Untracked 
| 215|0x000000070e700000, 0x000000070e700000, 0x000000070e800000|  0%| F|  |TAMS 0x000000070e700000, 0x000000070e700000| Untracked 
| 216|0x000000070e800000, 0x000000070e800000, 0x000000070e900000|  0%| F|  |TAMS 0x000000070e800000, 0x000000070e800000| Untracked 
| 217|0x000000070e900000, 0x000000070e900000, 0x000000070ea00000|  0%| F|  |TAMS 0x000000070e900000, 0x000000070e900000| Untracked 
| 218|0x000000070ea00000, 0x000000070ea00000, 0x000000070eb00000|  0%| F|  |TAMS 0x000000070ea00000, 0x000000070ea00000| Untracked 
| 219|0x000000070eb00000, 0x000000070eb00000, 0x000000070ec00000|  0%| F|  |TAMS 0x000000070eb00000, 0x000000070eb00000| Untracked 
| 220|0x000000070ec00000, 0x000000070ec00000, 0x000000070ed00000|  0%| F|  |TAMS 0x000000070ec00000, 0x000000070ec00000| Untracked 
| 221|0x000000070ed00000, 0x000000070ed00000, 0x000000070ee00000|  0%| F|  |TAMS 0x000000070ed00000, 0x000000070ed00000| Untracked 
| 222|0x000000070ee00000, 0x000000070ee00000, 0x000000070ef00000|  0%| F|  |TAMS 0x000000070ee00000, 0x000000070ee00000| Untracked 
| 223|0x000000070ef00000, 0x000000070ef00000, 0x000000070f000000|  0%| F|  |TAMS 0x000000070ef00000, 0x000000070ef00000| Untracked 
| 224|0x000000070f000000, 0x000000070f000000, 0x000000070f100000|  0%| F|  |TAMS 0x000000070f000000, 0x000000070f000000| Untracked 
| 225|0x000000070f100000, 0x000000070f100000, 0x000000070f200000|  0%| F|  |TAMS 0x000000070f100000, 0x000000070f100000| Untracked 
| 226|0x000000070f200000, 0x000000070f200000, 0x000000070f300000|  0%| F|  |TAMS 0x000000070f200000, 0x000000070f200000| Untracked 
| 227|0x000000070f300000, 0x000000070f300000, 0x000000070f400000|  0%| F|  |TAMS 0x000000070f300000, 0x000000070f300000| Untracked 
| 228|0x000000070f400000, 0x000000070f400000, 0x000000070f500000|  0%| F|  |TAMS 0x000000070f400000, 0x000000070f400000| Untracked 
| 229|0x000000070f500000, 0x000000070f500000, 0x000000070f600000|  0%| F|  |TAMS 0x000000070f500000, 0x000000070f500000| Untracked 
| 230|0x000000070f600000, 0x000000070f600000, 0x000000070f700000|  0%| F|  |TAMS 0x000000070f600000, 0x000000070f600000| Untracked 
| 231|0x000000070f700000, 0x000000070f700000, 0x000000070f800000|  0%| F|  |TAMS 0x000000070f700000, 0x000000070f700000| Untracked 
| 232|0x000000070f800000, 0x000000070f800000, 0x000000070f900000|  0%| F|  |TAMS 0x000000070f800000, 0x000000070f800000| Untracked 
| 233|0x000000070f900000, 0x000000070f900000, 0x000000070fa00000|  0%| F|  |TAMS 0x000000070f900000, 0x000000070f900000| Untracked 
| 234|0x000000070fa00000, 0x000000070fa00000, 0x000000070fb00000|  0%| F|  |TAMS 0x000000070fa00000, 0x000000070fa00000| Untracked 
| 235|0x000000070fb00000, 0x000000070fb00000, 0x000000070fc00000|  0%| F|  |TAMS 0x000000070fb00000, 0x000000070fb00000| Untracked 
| 236|0x000000070fc00000, 0x000000070fc00000, 0x000000070fd00000|  0%| F|  |TAMS 0x000000070fc00000, 0x000000070fc00000| Untracked 
| 237|0x000000070fd00000, 0x000000070fd00000, 0x000000070fe00000|  0%| F|  |TAMS 0x000000070fd00000, 0x000000070fd00000| Untracked 
| 238|0x000000070fe00000, 0x000000070fe00000, 0x000000070ff00000|  0%| F|  |TAMS 0x000000070fe00000, 0x000000070fe00000| Untracked 
| 239|0x000000070ff00000, 0x000000070ff00000, 0x0000000710000000|  0%| F|  |TAMS 0x000000070ff00000, 0x000000070ff00000| Untracked 
| 240|0x0000000710000000, 0x0000000710000000, 0x0000000710100000|  0%| F|  |TAMS 0x0000000710000000, 0x0000000710000000| Untracked 
| 241|0x0000000710100000, 0x0000000710100000, 0x0000000710200000|  0%| F|  |TAMS 0x0000000710100000, 0x0000000710100000| Untracked 
| 242|0x0000000710200000, 0x0000000710200000, 0x0000000710300000|  0%| F|  |TAMS 0x0000000710200000, 0x0000000710200000| Untracked 
| 243|0x0000000710300000, 0x0000000710300000, 0x0000000710400000|  0%| F|  |TAMS 0x0000000710300000, 0x0000000710300000| Untracked 
| 244|0x0000000710400000, 0x0000000710400000, 0x0000000710500000|  0%| F|  |TAMS 0x0000000710400000, 0x0000000710400000| Untracked 
| 245|0x0000000710500000, 0x0000000710500000, 0x0000000710600000|  0%| F|  |TAMS 0x0000000710500000, 0x0000000710500000| Untracked 
| 246|0x0000000710600000, 0x0000000710600000, 0x0000000710700000|  0%| F|  |TAMS 0x0000000710600000, 0x0000000710600000| Untracked 
| 247|0x0000000710700000, 0x0000000710700000, 0x0000000710800000|  0%| F|  |TAMS 0x0000000710700000, 0x0000000710700000| Untracked 
| 248|0x0000000710800000, 0x00000007108f6460, 0x0000000710900000| 96%| E|  |TAMS 0x0000000710800000, 0x0000000710800000| Complete 
| 249|0x0000000710900000, 0x0000000710a00000, 0x0000000710a00000|100%| E|CS|TAMS 0x0000000710900000, 0x0000000710900000| Complete 
| 250|0x0000000710a00000, 0x0000000710b00000, 0x0000000710b00000|100%| E|CS|TAMS 0x0000000710a00000, 0x0000000710a00000| Complete 
| 251|0x0000000710b00000, 0x0000000710c00000, 0x0000000710c00000|100%| E|CS|TAMS 0x0000000710b00000, 0x0000000710b00000| Complete 
| 252|0x0000000710c00000, 0x0000000710d00000, 0x0000000710d00000|100%| E|CS|TAMS 0x0000000710c00000, 0x0000000710c00000| Complete 
| 253|0x0000000710d00000, 0x0000000710e00000, 0x0000000710e00000|100%| E|CS|TAMS 0x0000000710d00000, 0x0000000710d00000| Complete 
| 254|0x0000000710e00000, 0x0000000710f00000, 0x0000000710f00000|100%| E|CS|TAMS 0x0000000710e00000, 0x0000000710e00000| Complete 
| 255|0x0000000710f00000, 0x0000000711000000, 0x0000000711000000|100%| E|CS|TAMS 0x0000000710f00000, 0x0000000710f00000| Complete 

Card table byte_map: [0x000001fa7eb00000,0x000001fa7f300000] _byte_map_base: 0x000001fa7b2f8000

Marking Bits (Prev, Next): (CMBitMap*) 0x000001fa6583e738, (CMBitMap*) 0x000001fa6583e770
 Prev Bits: [0x000001fa00000000, 0x000001fa03fc0000)
 Next Bits: [0x000001fa03fc0000, 0x000001fa07f80000)

Polling page: 0x000001fa65880000

Metaspace:

Usage:
  Non-class:      8.02 MB capacity,     7.86 MB ( 98%) used,   146.42 KB (  2%) free+waste,    11.25 KB ( <1%) overhead. 
      Class:    861.00 KB capacity,   775.38 KB ( 90%) used,    79.63 KB (  9%) free+waste,     6.00 KB ( <1%) overhead. 
       Both:      8.86 MB capacity,     8.62 MB ( 97%) used,   226.05 KB (  2%) free+waste,    17.25 KB ( <1%) overhead. 

Virtual space:
  Non-class space:       10.00 MB reserved,       8.25 MB ( 83%) committed 
      Class space:        1.00 GB reserved,     896.00 KB ( <1%) committed 
             Both:        1.01 GB reserved,       9.13 MB ( <1%) committed 

Chunk freelists:
   Non-Class:  5.63 KB
       Class:  384 bytes
        Both:  6.00 KB

CodeHeap 'non-profiled nmethods': size=120000Kb used=170Kb max_used=170Kb free=119829Kb
 bounds [0x000001fa76a90000, 0x000001fa76d00000, 0x000001fa7dfc0000]
CodeHeap 'profiled nmethods': size=120000Kb used=708Kb max_used=708Kb free=119291Kb
 bounds [0x000001fa6f560000, 0x000001fa6f7d0000, 0x000001fa76a90000]
CodeHeap 'non-nmethods': size=5760Kb used=1405Kb max_used=1405Kb free=4354Kb
 bounds [0x000001fa6efc0000, 0x000001fa6f230000, 0x000001fa6f560000]
 total_blobs=1415 nmethods=538 adapters=789
 compilation: enabled
              stopped_count=0, restarted_count=0
 full_count=0

Compilation events (10 events):
Event: 0.264 Thread 0x000001fa0afbf800 nmethod 530 0x000001fa6f60f510 code [0x000001fa6f60f6c0, 0x000001fa6f60f898]
Event: 0.264 Thread 0x000001fa0afbf800  531       3       sun.misc.Unsafe::putByte (11 bytes)
Event: 0.264 Thread 0x000001fa0afbf800 nmethod 531 0x000001fa6f60f990 code [0x000001fa6f60fb20, 0x000001fa6f60fc18]
Event: 0.264 Thread 0x000001fa0afbf800  533       3       sun.misc.Unsafe::putInt (11 bytes)
Event: 0.264 Thread 0x000001fa0afbf800 nmethod 533 0x000001fa6f60fc90 code [0x000001fa6f60fe20, 0x000001fa6f60ff18]
Event: 0.264 Thread 0x000001fa0afbf800  536       3       org.lwjgl.system.MemoryUtil::encodeASCIIUnsafe (53 bytes)
Event: 0.264 Thread 0x000001fa0afbf800 nmethod 536 0x000001fa6f60ff90 code [0x000001fa6f610180, 0x000001fa6f6107b8]
Event: 0.264 Thread 0x000001fa0afbf800  537       3       java.nio.ByteOrder::nativeOrder (4 bytes)
Event: 0.264 Thread 0x000001fa0afbf800 nmethod 537 0x000001fa6f610a90 code [0x000001fa6f610c20, 0x000001fa6f610d18]
Event: 0.281 Thread 0x000001fa0afbf800  538       3       java.util.concurrent.ConcurrentHashMap$ValueIterator::next (34 bytes)

GC Heap History (0 events):
No events

Deoptimization events (6 events):
Event: 0.124 Thread 0x000001fa67910800 Uncommon trap: reason=unstable_if action=reinterpret pc=0x000001fa76a94974 method=java.lang.String.isLatin1()Z @ 10 c2
Event: 0.134 Thread 0x000001fa67910800 Uncommon trap: reason=unstable_if action=reinterpret pc=0x000001fa76a9faa4 method=java.util.HashMap.putVal(ILjava/lang/Object;Ljava/lang/Object;ZZ)Ljava/lang/Object; @ 81 c2
Event: 0.174 Thread 0x000001fa67910800 Uncommon trap: reason=bimorphic_or_optimized_type_check action=maybe_recompile pc=0x000001fa76a9bb94 method=java.util.AbstractCollection.isEmpty()Z @ 1 c2
Event: 0.174 Thread 0x000001fa67910800 Uncommon trap: reason=bimorphic_or_optimized_type_check action=maybe_recompile pc=0x000001fa76a9bb94 method=java.util.AbstractCollection.isEmpty()Z @ 1 c2
Event: 0.174 Thread 0x000001fa67910800 Uncommon trap: reason=bimorphic_or_optimized_type_check action=maybe_recompile pc=0x000001fa76a9bb94 method=java.util.AbstractCollection.isEmpty()Z @ 1 c2
Event: 0.248 Thread 0x000001fa67910800 Uncommon trap: reason=class_check action=maybe_recompile pc=0x000001fa76ab5c98 method=java.util.HashMap.getNode(ILjava/lang/Object;)Ljava/util/HashMap$Node; @ 126 c2

Classes redefined (0 events):
No events

Internal exceptions (10 events):
Event: 0.232 Thread 0x000001fa67910800 Exception <a 'java/lang/NoSuchMethodError'{0x0000000710914ad0}: java.lang.invoke.Invokers$Holder.linkToTargetMethod(Ljava/lang/Object;ILjava/lang/Object;)Ljava/lang/Object;> (0x0000000710914ad0) thrown at [./open/src/hotspot/share/interpreter/linkResolver
Event: 0.233 Thread 0x000001fa67910800 Exception <a 'java/lang/NoSuchMethodError'{0x0000000710928d78}: java.lang.invoke.DirectMethodHandle$Holder.invokeStaticInit(Ljava/lang/Object;Ljava/lang/Object;JJ)I> (0x0000000710928d78) thrown at [./open/src/hotspot/share/interpreter/linkResolver.cpp, li
Event: 0.234 Thread 0x000001fa67910800 Exception <a 'java/lang/NoSuchMethodError'{0x00000007109344d8}: java.lang.invoke.Invokers$Holder.linkToTargetMethod(Ljava/lang/Object;JLjava/lang/Object;)Ljava/lang/Object;> (0x00000007109344d8) thrown at [./open/src/hotspot/share/interpreter/linkResolver
Event: 0.234 Thread 0x000001fa67910800 Exception <a 'java/lang/NoSuchMethodError'{0x000000071093a850}: java.lang.invoke.DirectMethodHandle$Holder.invokeStaticInit(Ljava/lang/Object;Ljava/lang/Object;Ljava/lang/Object;J)I> (0x000000071093a850) thrown at [./open/src/hotspot/share/interpreter/lin
Event: 0.248 Thread 0x000001fa67910800 Exception <a 'sun/nio/fs/WindowsException'{0x0000000710870cd8}> (0x0000000710870cd8) thrown at [./open/src/hotspot/share/prims/jni.cpp, line 611]
Event: 0.248 Thread 0x000001fa67910800 Exception <a 'sun/nio/fs/WindowsException'{0x0000000710870f98}> (0x0000000710870f98) thrown at [./open/src/hotspot/share/prims/jni.cpp, line 611]
Event: 0.248 Thread 0x000001fa67910800 Exception <a 'sun/nio/fs/WindowsException'{0x0000000710871a70}> (0x0000000710871a70) thrown at [./open/src/hotspot/share/prims/jni.cpp, line 611]
Event: 0.249 Thread 0x000001fa67910800 Exception <a 'sun/nio/fs/WindowsException'{0x0000000710878f70}> (0x0000000710878f70) thrown at [./open/src/hotspot/share/prims/jni.cpp, line 611]
Event: 0.253 Thread 0x000001fa67910800 Exception <a 'sun/nio/fs/WindowsException'{0x000000071087bf10}> (0x000000071087bf10) thrown at [./open/src/hotspot/share/prims/jni.cpp, line 611]
Event: 0.254 Thread 0x000001fa67910800 Exception <a 'sun/nio/fs/WindowsException'{0x000000071087c270}> (0x000000071087c270) thrown at [./open/src/hotspot/share/prims/jni.cpp, line 611]

Events (10 events):
Event: 0.256 loading class org/lwjgl/system/ThreadLocalUtil
Event: 0.256 loading class org/lwjgl/system/ThreadLocalUtil done
Event: 0.261 loading class jdk/internal/reflect/UnsafeQualifiedStaticIntegerFieldAccessorImpl
Event: 0.261 loading class jdk/internal/reflect/UnsafeQualifiedStaticIntegerFieldAccessorImpl done
Event: 0.263 loading class org/lwjgl/glfw/GLFW$Functions
Event: 0.263 loading class org/lwjgl/glfw/GLFW$Functions done
Event: 0.264 loading class org/lwjgl/system/JNI
Event: 0.264 loading class org/lwjgl/system/JNI done
Event: 0.269 loading class org/lwjgl/glfw/EventLoop
Event: 0.269 loading class org/lwjgl/glfw/EventLoop done


Dynamic libraries:
0x00007ff685df0000 - 0x00007ff685dff000 	C:\Program Files\Java\jdk-11.0.15\bin\java.exe
0x00007ffa03d30000 - 0x00007ffa03f25000 	C:\WINDOWS\SYSTEM32\ntdll.dll
0x00007ffa036e0000 - 0x00007ffa0379e000 	C:\WINDOWS\System32\KERNEL32.DLL
0x00007ffa017f0000 - 0x00007ffa01ab8000 	C:\WINDOWS\System32\KERNELBASE.dll
0x00007ffa01450000 - 0x00007ffa01550000 	C:\WINDOWS\System32\ucrtbase.dll
0x00007ff9f84f0000 - 0x00007ff9f8505000 	C:\Program Files\Java\jdk-11.0.15\bin\VCRUNTIME140.dll
0x00007ff9f9f80000 - 0x00007ff9f9f98000 	C:\Program Files\Java\jdk-11.0.15\bin\jli.dll
0x00007ffa028d0000 - 0x00007ffa0297e000 	C:\WINDOWS\System32\ADVAPI32.dll
0x00007ffa03c50000 - 0x00007ffa03cee000 	C:\WINDOWS\System32\msvcrt.dll
0x00007ffa02b60000 - 0x00007ffa02bfc000 	C:\WINDOWS\System32\sechost.dll
0x00007ffa020f0000 - 0x00007ffa02215000 	C:\WINDOWS\System32\RPCRT4.dll
0x00007ffa03850000 - 0x00007ffa039f0000 	C:\WINDOWS\System32\USER32.dll
0x00007ffa01550000 - 0x00007ffa01572000 	C:\WINDOWS\System32\win32u.dll
0x00007ff9efc70000 - 0x00007ff9eff0a000 	C:\WINDOWS\WinSxS\amd64_microsoft.windows.common-controls_6595b64144ccf1df_6.0.19041.1110_none_60b5254171f9507e\COMCTL32.dll
0x00007ffa02830000 - 0x00007ffa0285a000 	C:\WINDOWS\System32\GDI32.dll
0x00007ffa01580000 - 0x00007ffa0168b000 	C:\WINDOWS\System32\gdi32full.dll
0x00007ffa01ac0000 - 0x00007ffa01b5d000 	C:\WINDOWS\System32\msvcp_win.dll
0x00007ff9f51c0000 - 0x00007ff9f51ca000 	C:\WINDOWS\SYSTEM32\VERSION.dll
0x00007ffa02980000 - 0x00007ffa029b0000 	C:\WINDOWS\System32\IMM32.DLL
0x00007ff9de360000 - 0x00007ff9de3fb000 	C:\Program Files\Java\jdk-11.0.15\bin\msvcp140.dll
0x00007ff9b0230000 - 0x00007ff9b0d46000 	C:\Program Files\Java\jdk-11.0.15\bin\server\jvm.dll
0x00007ffa028c0000 - 0x00007ffa028c8000 	C:\WINDOWS\System32\PSAPI.DLL
0x00007ff9f6310000 - 0x00007ff9f6319000 	C:\WINDOWS\SYSTEM32\WSOCK32.dll
0x00007ff9f4290000 - 0x00007ff9f42b7000 	C:\WINDOWS\SYSTEM32\WINMM.dll
0x00007ffa02d20000 - 0x00007ffa02d8b000 	C:\WINDOWS\System32\WS2_32.dll
0x00007ff9ff390000 - 0x00007ff9ff3a2000 	C:\WINDOWS\SYSTEM32\kernel.appcore.dll
0x00007ff9f9ce0000 - 0x00007ff9f9cf0000 	C:\Program Files\Java\jdk-11.0.15\bin\verify.dll
0x00007ff9fa200000 - 0x00007ff9fa3e4000 	C:\WINDOWS\SYSTEM32\DBGHELP.DLL
0x00007ff9ec680000 - 0x00007ff9ec6ac000 	C:\WINDOWS\SYSTEM32\dbgcore.DLL
0x00007ffa01b60000 - 0x00007ffa01be2000 	C:\WINDOWS\System32\bcryptPrimitives.dll
0x00007ff9eaac0000 - 0x00007ff9eaae8000 	C:\Program Files\Java\jdk-11.0.15\bin\java.dll
0x00007ff9f9c80000 - 0x00007ff9f9c8a000 	C:\Program Files\Java\jdk-11.0.15\bin\jimage.dll
0x00007ff9f6320000 - 0x00007ff9f6336000 	C:\Program Files\Java\jdk-11.0.15\bin\zip.dll
0x00007ffa02e60000 - 0x00007ffa035a4000 	C:\WINDOWS\System32\SHELL32.dll
0x00007ff9ff590000 - 0x00007ff9ffd24000 	C:\WINDOWS\SYSTEM32\windows.storage.dll
0x00007ffa01d90000 - 0x00007ffa020e4000 	C:\WINDOWS\System32\combase.dll
0x00007ffa00ec0000 - 0x00007ffa00eec000 	C:\WINDOWS\SYSTEM32\Wldp.dll
0x00007ffa03b00000 - 0x00007ffa03bad000 	C:\WINDOWS\System32\SHCORE.dll
0x00007ffa02220000 - 0x00007ffa02275000 	C:\WINDOWS\System32\shlwapi.dll
0x00007ffa01390000 - 0x00007ffa013af000 	C:\WINDOWS\SYSTEM32\profapi.dll
0x00007ff9f0a40000 - 0x00007ff9f0a59000 	C:\Program Files\Java\jdk-11.0.15\bin\net.dll
0x00007ff9fbfa0000 - 0x00007ff9fc0aa000 	C:\WINDOWS\SYSTEM32\WINHTTP.dll
0x00007ffa00c20000 - 0x00007ffa00c8a000 	C:\WINDOWS\system32\mswsock.dll
0x00007ff9efbb0000 - 0x00007ff9efbc2000 	C:\Program Files\Java\jdk-11.0.15\bin\nio.dll
0x00007ff9f0420000 - 0x00007ff9f0495000 	C:\Users\Jens\AppData\Local\Temp\lwjglJens\3.3.1-build-7\lwjgl.dll
0x00007ff9ed630000 - 0x00007ff9ed691000 	C:\Users\Jens\AppData\Local\Temp\lwjglJens\3.3.1-build-7\glfw.dll
0x00007ff9de270000 - 0x00007ff9de2b5000 	C:\WINDOWS\SYSTEM32\dinput8.dll
0x00007ff9fc270000 - 0x00007ff9fc281000 	C:\WINDOWS\SYSTEM32\xinput1_4.dll
0x00007ffa01c90000 - 0x00007ffa01cde000 	C:\WINDOWS\System32\cfgmgr32.dll
0x00007ffa01220000 - 0x00007ffa0124c000 	C:\WINDOWS\SYSTEM32\DEVOBJ.dll
0x00007ff9ff1b0000 - 0x00007ff9ff1df000 	C:\WINDOWS\SYSTEM32\dwmapi.dll
0x00007ff9f7fc0000 - 0x00007ff9f8112000 	C:\WINDOWS\SYSTEM32\inputhost.dll
0x00007ffa02d90000 - 0x00007ffa02e5d000 	C:\WINDOWS\System32\OLEAUT32.dll
0x00007ff9fcde0000 - 0x00007ff9fcf34000 	C:\WINDOWS\SYSTEM32\wintypes.dll
0x00007ff9fe9c0000 - 0x00007ff9feab2000 	C:\WINDOWS\SYSTEM32\CoreMessaging.dll
0x00007ff9fc140000 - 0x00007ff9fc236000 	C:\WINDOWS\SYSTEM32\PROPSYS.dll
0x00007ff9fe2e0000 - 0x00007ff9fe63e000 	C:\WINDOWS\SYSTEM32\CoreUIComponents.dll
0x00007ffa00160000 - 0x00007ffa00193000 	C:\WINDOWS\SYSTEM32\ntmarta.dll
0x00007ff9fee10000 - 0x00007ff9feeae000 	C:\WINDOWS\system32\uxtheme.dll
0x00007ffa02c00000 - 0x00007ffa02d15000 	C:\WINDOWS\System32\MSCTF.dll

dbghelp: loaded successfully - version: 4.0.5 - missing functions: none
symbol engine: initialized successfully - sym options: 0x614 - pdb path: .;C:\Program Files\Java\jdk-11.0.15\bin;C:\WINDOWS\SYSTEM32;C:\WINDOWS\WinSxS\amd64_microsoft.windows.common-controls_6595b64144ccf1df_6.0.19041.1110_none_60b5254171f9507e;C:\Program Files\Java\jdk-11.0.15\bin\server;C:\Users\Jens\AppData\Local\Temp\lwjglJens\3.3.1-build-7

VM Arguments:
jvm_args: -Dfile.encoding=UTF-8 -Djava.library.path=C:\Users\Jens\Downloads\lwjgl-release-3.3.1-custom (1) --module-path=C:\Users\Jens\Documents\NetBeansProjects\01_HelloWindow\build\classes 
java_command: Example.Main
java_class_path (initial): C:\Users\Jens\Downloads\lwjgl-release-3.3.1-custom (1)\joml-1.10.4.jar;C:\Users\Jens\Downloads\lwjgl-release-3.3.1-custom (1)\lwjgl-cuda.jar;C:\Users\Jens\Downloads\lwjgl-release-3.3.1-custom (1)\lwjgl-glfw-natives-windows.jar;C:\Users\Jens\Downloads\lwjgl-release-3.3.1-custom (1)\lwjgl-glfw.jar;C:\Users\Jens\Downloads\lwjgl-release-3.3.1-custom (1)\lwjgl-natives-windows.jar;C:\Users\Jens\Downloads\lwjgl-release-3.3.1-custom (1)\lwjgl-opencl.jar;C:\Users\Jens\Downloads\lwjgl-release-3.3.1-custom (1)\lwjgl-opengl-natives-windows.jar;C:\Users\Jens\Downloads\lwjgl-release-3.3.1-custom (1)\lwjgl-opengl.jar;C:\Users\Jens\Downloads\lwjgl-release-3.3.1-custom (1)\lwjgl-opengles-natives-windows.jar;C:\Users\Jens\Downloads\lwjgl-release-3.3.1-custom (1)\lwjgl-opengles.jar;C:\Users\Jens\Downloads\lwjgl-release-3.3.1-custom (1)\lwjgl-spvc-natives-windows.jar;C:\Users\Jens\Downloads\lwjgl-release-3.3.1-custom (1)\lwjgl-spvc.jar;C:\Users\Jens\Downloads\lwjgl-release-3.3.1-custom (1)\lwjgl-stb-natives-windows.jar;C:\Users\Jens\Downloads\lwjgl-release-3.3.1-custom (1)\lwjgl-stb.jar;C:\Users\Jens\Downloads\lwjgl-release-3.3.1-custom (1)\lwjgl-tootle-natives-windows.jar;C:\Users\Jens\Downloads\lwjgl-release-3.3.1-custom (1)\lwjgl-tootle.jar;C:\Users\Jens\Downloads\lwjgl-release-3.3.1-custom (1)\lwjgl-vma-natives-windows.jar;C:\Users\Jens\Downloads\lwjgl-release-3.3.1-custom (1)\lwjgl-vma.jar;C:\Users\Jens\Downloads\lwjgl-release-3.3.1-custom (1)\lwjgl-vulkan.jar;C:\Users\Jens\Downloads\lwjgl-release-3.3.1-custom (1)\lwjgl.jar;C:\Users\Jens\Downloads\lwjgl-release-3.3.1-custom (1)\steamworks4j-1.9.0.jar;C:\Users\Jens\Downloads\lwjgl-release-3.3.1-custom (1)\steamworks4j-server-1.9.0.jar;C:\Users\Jens\Documents\NetBeansProjects\01_HelloWindow\build\classes
Launcher Type: SUN_STANDARD

[Global flags]
     intx CICompilerCount                          = 4                                         {product} {ergonomic}
     uint ConcGCThreads                            = 2                                         {product} {ergonomic}
     uint G1ConcRefinementThreads                  = 8                                         {product} {ergonomic}
   size_t G1HeapRegionSize                         = 1048576                                   {product} {ergonomic}
    uintx GCDrainStackTargetSize                   = 64                                        {product} {ergonomic}
   size_t InitialHeapSize                          = 268435456                                 {product} {ergonomic}
   size_t MarkStackSize                            = 4194304                                   {product} {ergonomic}
   size_t MaxHeapSize                              = 4278190080                                {product} {ergonomic}
   size_t MaxNewSize                               = 2566914048                                {product} {ergonomic}
   size_t MinHeapDeltaBytes                        = 1048576                                   {product} {ergonomic}
    uintx NonNMethodCodeHeapSize                   = 5836300                                {pd product} {ergonomic}
    uintx NonProfiledCodeHeapSize                  = 122910970                              {pd product} {ergonomic}
    uintx ProfiledCodeHeapSize                     = 122910970                              {pd product} {ergonomic}
    uintx ReservedCodeCacheSize                    = 251658240                              {pd product} {ergonomic}
     bool SegmentedCodeCache                       = true                                      {product} {ergonomic}
     bool UseCompressedClassPointers               = true                                 {lp64_product} {ergonomic}
     bool UseCompressedOops                        = true                                 {lp64_product} {ergonomic}
     bool UseG1GC                                  = true                                      {product} {ergonomic}
     bool UseLargePagesIndividualAllocation        = false                                  {pd product} {ergonomic}

Logging:
Log output configuration:
 #0: stdout all=warning uptime,level,tags
 #1: stderr all=off uptime,level,tags

Environment Variables:
JAVA_HOME=C:\Program Files\Microsoft\jdk-11.0.12.7-hotspot
PATH=C:\Program Files\Common Files\Oracle\Java\javapath;C:\Program Files (x86)\VMware\VMware Player\bin\;C:\Users\Jens\AppData\Local\Programs\Python\Python310\Scripts\;C:\Users\Jens\AppData\Local\Programs\Python\Python310\;C:\WINDOWS\system32;C:\WINDOWS;C:\WINDOWS\System32\Wbem;C:\WINDOWS\System32\WindowsPowerShell\v1.0\;C:\Program Files\dotnet\;C:\WINDOWS\System32\OpenSSH\;C:\Program Files\Microsoft SQL Server\110\Tools\Binn\;C:\Program Files\Microsoft SQL Server\120\Tools\Binn\;C:\ProgramData\chocolatey\bin;C:\Program Files (x86)\GtkSharp\2.12\bin;C:\Program Files\nodejs\;C:\HaxeToolkit\haxe;C:\HaxeToolkit\neko;C:\Program Files\Microsoft SQL Server\130\Tools\Binn\;C:\Program Files\PowerShell\7\;C:\Program Files (x86)\IncrediBuild;C:\Program Files\Microsoft SQL Server\Client SDK\ODBC\170\Tools\Binn\;C:\Program Files (x86)\dotnet\;C:\Program Files\Git\cmd;C:\Users\Jens\anaconda3;C:\Users\Jens\anaconda3\Library\mingw-w64\bin;C:\Users\Jens\anaconda3\Library\usr\bin;C:\Users\Jens\anaconda3\Library\bin;C:\Users\Jens\anaconda3\Scripts;C:\Users\Jens\.cargo\bin;C:\Users\Jens\scoop\apps\python\current\Scripts;C:\Users\Jens\scoop\apps\python\current;C:\Users\Jens\scoop\shims;C:\Users\Jens\AppData\Local\Microsoft\WindowsApps;C:\Users\Jens\.dotnet\tools;C:\Program Files\JetBrains\JetBrains Rider 2021.2.1\bin;C:\Users\Jens\AppData\Roaming\npm;C:\Users\Jens\.dotnet\tools;C:\Program Files\JetBrains\PyCharm Community Edition 2021.3.1\bin;C:\Program Files\Microsoft Visual Studio\2022\Preview\VC\Tools\MSVC\14.31.31103\bin\Hostx64\x64;C:\Users\Jens\.dotnet\tools;C:\MoonshineSDKs\Flex_SDK\feathers-sdk-4.0.0-bin\bin;C:\MoonshineSDKs\Ant\apache-ant-1.10.1\bin;C:\Users\Jens\AppData\Local\Programs\Microsoft VS Code\bin;C:\Users\Jens\AppData\Local\GitHubDesktop\bin;C:\Users\Jens\.dotnet\tools;C:\Program Files\dotnet;C:\Program Files\CMake\bin;C:\Program Files\JetBrains\PyCharm Community Edition 2022.1\bin;
USERNAME=Jens
OS=Windows_NT
PROCESSOR_IDENTIFIER=Intel64 Family 6 Model 94 Stepping 3, GenuineIntel



---------------  S Y S T E M  ---------------

OS: Windows 10 , 64 bit Build 19041 (10.0.19041.1645)

CPU:total 8 (initial active 8) (4 cores per cpu, 2 threads per core) family 6 model 94 stepping 3 microcode 0xcc, cmov, cx8, fxsr, mmx, sse, sse2, sse3, ssse3, sse4.1, sse4.2, popcnt, avx, avx2, aes, clmul, erms, rtm, 3dnowpref, lzcnt, ht, tsc, tscinvbit, bmi1, bmi2, adx, fma

Memory: 4k page, system-wide physical 16319M (7872M free)
TotalPageFile size 23170M (AvailPageFile size 5557M)
current process WorkingSet (physical memory assigned to process): 57M, peak: 57M
current process commit charge ("private bytes"): 347M, peak: 347M

vm_info: Java HotSpot(TM) 64-Bit Server VM (11.0.15+8-LTS-149) for windows-amd64 JRE (11.0.15+8-LTS-149), built on Mar  9 2022 22:42:32 by "mach5one" with MS VC++ 15.9 (VS2017)

END.
